app/build/intermediates/manifest_merge_blame_file/debug/manifest-merger-blame-debug-report.txt
1<?xml version="1.0" encoding="utf-8"?>
2<manifest xmlns:android="http://schemas.android.com/apk/res/android"
3    package="com.gmagica.trackingapp"
4    android:versionCode="1"
5    android:versionName="1.0" >
6
7    <uses-sdk
8        android:minSdkVersion="18"
8-->src\main\AndroidManifest.xml
9        android:targetSdkVersion="30" />
9-->src\main\AndroidManifest.xml
10
11    <!--
12         The ACCESS_COARSE/FINE_LOCATION permissions are not required to use
13         Google Maps Android API v2, but you must specify either coarse or fine
14         location permissions for the 'MyLocation' functionality.
15    -->
16    <uses-permission android:name="android.permission.ACCESS_FINE_LOCATION" />
16-->src\main\AndroidManifest.xml:10:5-79
16-->src\main\AndroidManifest.xml:10:22-76
17    <uses-permission android:name="android.permission.ACCESS_COARSE_LOCATION" />
17-->src\main\AndroidManifest.xml:11:5-81
17-->src\main\AndroidManifest.xml:11:22-78
18    <uses-permission android:name="android.permission.ACCESS_FINE_LOCATION" />
18-->src\main\AndroidManifest.xml:10:5-79
18-->src\main\AndroidManifest.xml:10:22-76
19    <uses-permission android:name="android.permission.ACCESS_BACKGROUND_LOCATION" />
19-->src\main\AndroidManifest.xml:13:5-85
19-->src\main\AndroidManifest.xml:13:22-82
20    <uses-permission android:name="android.permission.INTERNET" />
20-->src\main\AndroidManifest.xml:14:5-67
20-->src\main\AndroidManifest.xml:14:22-64
21    <uses-permission android:name="android.permission.READ_EXTERNAL_STORAGE" />
21-->src\main\AndroidManifest.xml:15:5-80
21-->src\main\AndroidManifest.xml:15:22-77
22    <uses-permission android:name="android.permission.ACCESS_WIFI_STATE" /> <!-- Include required permissions for Google Maps API to run. -->
22-->[com.google.android.libraries.places:places:2.4.0] AndroidManifest.xml:10:5-76
22-->[com.google.android.libraries.places:places:2.4.0] AndroidManifest.xml:10:22-73
23    <uses-permission android:name="android.permission.ACCESS_NETWORK_STATE" />
23-->[com.google.android.gms:play-services-maps:17.0.0] AndroidManifest.xml:23:5-79
23-->[com.google.android.gms:play-services-maps:17.0.0] AndroidManifest.xml:23:22-76
24
25    <uses-feature
25-->[com.google.android.gms:play-services-maps:17.0.0] AndroidManifest.xml:26:5-28:35
26        android:glEsVersion="0x00020000"
26-->[com.google.android.gms:play-services-maps:17.0.0] AndroidManifest.xml:27:9-41
27        android:required="true" />
27-->[com.google.android.gms:play-services-maps:17.0.0] AndroidManifest.xml:28:9-32
28
29    <uses-permission android:name="android.permission.WAKE_LOCK" />
29-->[com.google.android.gms:play-services-measurement-api:18.0.3] AndroidManifest.xml:24:5-68
29-->[com.google.android.gms:play-services-measurement-api:18.0.3] AndroidManifest.xml:24:22-65
30    <uses-permission android:name="com.google.android.finsky.permission.BIND_GET_INSTALL_REFERRER_SERVICE" />
30-->[com.google.android.gms:play-services-measurement:18.0.3] AndroidManifest.xml:26:5-110
30-->[com.google.android.gms:play-services-measurement:18.0.3] AndroidManifest.xml:26:22-107
31
32    <application
32-->src\main\AndroidManifest.xml:17:5-53:19
33        android:name="androidx.multidex.MultiDexApplication"
34        android:allowBackup="true"
34-->src\main\AndroidManifest.xml:19:9-35
35        android:appComponentFactory="androidx.core.app.CoreComponentFactory"
35-->[androidx.core:core:1.3.1] AndroidManifest.xml:24:18-86
36        android:debuggable="true"
37        android:icon="@mipmap/ic_launcher"
37-->src\main\AndroidManifest.xml:20:9-43
38        android:label="@string/app_name"
38-->src\main\AndroidManifest.xml:21:9-41
39        android:roundIcon="@mipmap/ic_launcher_round"
39-->src\main\AndroidManifest.xml:22:9-54
40        android:supportsRtl="true"
40-->src\main\AndroidManifest.xml:23:9-35
41        android:theme="@style/AppTheme"
41-->src\main\AndroidManifest.xml:24:9-40
42        android:usesCleartextTraffic="true" >
42-->src\main\AndroidManifest.xml:18:9-44
43        <service
43-->src\main\AndroidManifest.xml:25:9-76
44            android:name="com.gmagica.trackingapp.onAppKilled"
44-->src\main\AndroidManifest.xml:25:18-45
45            android:stopWithTask="false" />
45-->src\main\AndroidManifest.xml:25:46-74
46
47        <activity android:name="com.gmagica.trackingapp.MainActivity" >
47-->src\main\AndroidManifest.xml:26:9-32:20
47-->src\main\AndroidManifest.xml:26:19-47
48            <intent-filter>
48-->src\main\AndroidManifest.xml:27:13-31:29
49                <action android:name="android.intent.action.MAIN" />
49-->src\main\AndroidManifest.xml:28:17-69
49-->src\main\AndroidManifest.xml:28:25-66
50
51                <category android:name="android.intent.category.LAUNCHER" />
51-->src\main\AndroidManifest.xml:30:17-77
51-->src\main\AndroidManifest.xml:30:27-74
52            </intent-filter>
53        </activity>
54        <activity android:name="com.gmagica.trackingapp.DriverLoginActivity" />
54-->src\main\AndroidManifest.xml:33:9-57
54-->src\main\AndroidManifest.xml:33:19-54
55        <activity android:name="com.gmagica.trackingapp.CustomerLoginActivity" />
55-->src\main\AndroidManifest.xml:34:9-59
55-->src\main\AndroidManifest.xml:34:19-56
56        <!--
57             The API key for Google Maps-based APIs is defined as a string resource.
58             (See the file "res/values/google_maps_api.xml").
59             Note that the API key is linked to the encryption key used to sign the APK.
60             You need a different API key for each encryption key, including the release key that is used to
61             sign the APK for publishing.
62             You can define the keys for the debug and release targets in src/debug/ and src/release/.
63        -->
64        <meta-data
64-->src\main\AndroidManifest.xml:43:9-45:71
65            android:name="com.google.android.geo.API_KEY"
65-->src\main\AndroidManifest.xml:44:13-58
66            android:value="AIzaSyC65zLSjN_qxiid-zPAtu-jJkyi0ibIrBk" />
66-->src\main\AndroidManifest.xml:45:13-68
67
68        <activity
68-->src\main\AndroidManifest.xml:47:9-49:65
69            android:name="com.gmagica.trackingapp.DriverMapActivity"
69-->src\main\AndroidManifest.xml:48:13-46
70            android:label="@string/title_activity_driver_map" />
70-->src\main\AndroidManifest.xml:49:13-62
71        <activity android:name="com.gmagica.trackingapp.CustomerMapActivity" />
71-->src\main\AndroidManifest.xml:50:9-57
71-->src\main\AndroidManifest.xml:50:19-54
72        <activity android:name="com.gmagica.trackingapp.CustomerSettingsActivity" />
72-->src\main\AndroidManifest.xml:51:9-62
72-->src\main\AndroidManifest.xml:51:19-59
73        <activity android:name="com.gmagica.trackingapp.DriverSettingsActivity" />
73-->src\main\AndroidManifest.xml:52:9-70
73-->src\main\AndroidManifest.xml:52:19-57
74        <activity
74-->[com.google.android.libraries.places:places:2.4.0] AndroidManifest.xml:14:9-20:20
75            android:name="com.google.android.libraries.places.widget.AutocompleteActivity"
75-->[com.google.android.libraries.places:places:2.4.0] AndroidManifest.xml:15:13-91
76            android:exported="false"
76-->[com.google.android.libraries.places:places:2.4.0] AndroidManifest.xml:16:13-37
77            android:label="@string/places_autocomplete_label"
77-->[com.google.android.libraries.places:places:2.4.0] AndroidManifest.xml:17:13-62
78            android:theme="@style/PlacesAutocompleteOverlay"
78-->[com.google.android.libraries.places:places:2.4.0] AndroidManifest.xml:18:13-61
79            android:windowSoftInputMode="adjustResize" >
79-->[com.google.android.libraries.places:places:2.4.0] AndroidManifest.xml:19:13-55
80        </activity> <!-- Needs to be explicitly declared on P+ -->
81        <uses-library
81-->[com.google.android.gms:play-services-maps:17.0.0] AndroidManifest.xml:33:9-35:40
82            android:name="org.apache.http.legacy"
82-->[com.google.android.gms:play-services-maps:17.0.0] AndroidManifest.xml:34:13-50
83            android:required="false" />
83-->[com.google.android.gms:play-services-maps:17.0.0] AndroidManifest.xml:35:13-37
84
85        <service
85-->[com.google.firebase:firebase-database:19.7.0] AndroidManifest.xml:29:9-35:19
86            android:name="com.google.firebase.components.ComponentDiscoveryService"
86-->[com.google.firebase:firebase-database:19.7.0] AndroidManifest.xml:30:13-84
87            android:directBootAware="true"
87-->[com.google.firebase:firebase-common:19.5.0] AndroidManifest.xml:35:13-43
88            android:exported="false" >
88-->[com.google.firebase:firebase-database:19.7.0] AndroidManifest.xml:31:13-37
89            <meta-data
89-->[com.google.firebase:firebase-database:19.7.0] AndroidManifest.xml:32:13-34:85
90                android:name="com.google.firebase.components:com.google.firebase.database.DatabaseRegistrar"
90-->[com.google.firebase:firebase-database:19.7.0] AndroidManifest.xml:33:17-109
91                android:value="com.google.firebase.components.ComponentRegistrar" />
91-->[com.google.firebase:firebase-database:19.7.0] AndroidManifest.xml:34:17-82
92            <meta-data
92-->[com.google.firebase:firebase-auth:20.0.4] AndroidManifest.xml:77:13-79:85
93                android:name="com.google.firebase.components:com.google.firebase.auth.FirebaseAuthRegistrar"
93-->[com.google.firebase:firebase-auth:20.0.4] AndroidManifest.xml:78:17-109
94                android:value="com.google.firebase.components.ComponentRegistrar" />
94-->[com.google.firebase:firebase-auth:20.0.4] AndroidManifest.xml:79:17-82
95            <meta-data
95-->[com.google.firebase:firebase-storage:19.2.2] AndroidManifest.xml:33:13-35:85
96                android:name="com.google.firebase.components:com.google.firebase.storage.StorageRegistrar"
96-->[com.google.firebase:firebase-storage:19.2.2] AndroidManifest.xml:34:17-107
97                android:value="com.google.firebase.components.ComponentRegistrar" />
97-->[com.google.firebase:firebase-storage:19.2.2] AndroidManifest.xml:35:17-82
98            <meta-data
98-->[com.google.android.gms:play-services-measurement-api:18.0.3] AndroidManifest.xml:30:13-32:85
99                android:name="com.google.firebase.components:com.google.firebase.analytics.connector.internal.AnalyticsConnectorRegistrar"
99-->[com.google.android.gms:play-services-measurement-api:18.0.3] AndroidManifest.xml:31:17-139
100                android:value="com.google.firebase.components.ComponentRegistrar" />
100-->[com.google.android.gms:play-services-measurement-api:18.0.3] AndroidManifest.xml:32:17-82
101            <meta-data
101-->[com.google.firebase:firebase-installations:16.3.5] AndroidManifest.xml:18:13-20:85
102                android:name="com.google.firebase.components:com.google.firebase.installations.FirebaseInstallationsRegistrar"
102-->[com.google.firebase:firebase-installations:16.3.5] AndroidManifest.xml:19:17-127
103                android:value="com.google.firebase.components.ComponentRegistrar" />
103-->[com.google.firebase:firebase-installations:16.3.5] AndroidManifest.xml:20:17-82
104            <!--
105                This registrar is not defined in the dynamic-module-support sdk itself to allow non-firebase
106                clients to use it as well, by defining this registrar in their own core/common library.
107            -->
108            <meta-data
108-->[com.google.firebase:firebase-common:19.5.0] AndroidManifest.xml:43:13-45:85
109                android:name="com.google.firebase.components:com.google.firebase.dynamicloading.DynamicLoadingRegistrar"
109-->[com.google.firebase:firebase-common:19.5.0] AndroidManifest.xml:44:17-121
110                android:value="com.google.firebase.components.ComponentRegistrar" />
110-->[com.google.firebase:firebase-common:19.5.0] AndroidManifest.xml:45:17-82
111        </service>
112
113        <activity
113-->[com.google.firebase:firebase-auth:20.0.4] AndroidManifest.xml:27:9-44:20
114            android:name="com.google.firebase.auth.internal.GenericIdpActivity"
114-->[com.google.firebase:firebase-auth:20.0.4] AndroidManifest.xml:28:13-80
115            android:excludeFromRecents="true"
115-->[com.google.firebase:firebase-auth:20.0.4] AndroidManifest.xml:29:13-46
116            android:exported="true"
116-->[com.google.firebase:firebase-auth:20.0.4] AndroidManifest.xml:30:13-36
117            android:launchMode="singleTask"
117-->[com.google.firebase:firebase-auth:20.0.4] AndroidManifest.xml:31:13-44
118            android:theme="@android:style/Theme.Translucent.NoTitleBar" >
118-->[com.google.firebase:firebase-auth:20.0.4] AndroidManifest.xml:32:13-72
119            <intent-filter>
119-->[com.google.firebase:firebase-auth:20.0.4] AndroidManifest.xml:33:13-43:29
120                <action android:name="android.intent.action.VIEW" />
120-->[com.google.firebase:firebase-auth:20.0.4] AndroidManifest.xml:34:17-69
120-->[com.google.firebase:firebase-auth:20.0.4] AndroidManifest.xml:34:25-66
121
122                <category android:name="android.intent.category.DEFAULT" />
122-->[com.google.firebase:firebase-auth:20.0.4] AndroidManifest.xml:36:17-76
122-->[com.google.firebase:firebase-auth:20.0.4] AndroidManifest.xml:36:27-73
123                <category android:name="android.intent.category.BROWSABLE" />
123-->[com.google.firebase:firebase-auth:20.0.4] AndroidManifest.xml:37:17-78
123-->[com.google.firebase:firebase-auth:20.0.4] AndroidManifest.xml:37:27-75
124
125                <data
125-->[com.google.firebase:firebase-auth:20.0.4] AndroidManifest.xml:39:17-42:51
126                    android:host="firebase.auth"
126-->[com.google.firebase:firebase-auth:20.0.4] AndroidManifest.xml:40:21-49
127                    android:path="/"
127-->[com.google.firebase:firebase-auth:20.0.4] AndroidManifest.xml:41:21-37
128                    android:scheme="genericidp" />
128-->[com.google.firebase:firebase-auth:20.0.4] AndroidManifest.xml:42:21-48
129            </intent-filter>
130        </activity>
131        <activity
131-->[com.google.firebase:firebase-auth:20.0.4] AndroidManifest.xml:45:9-62:20
132            android:name="com.google.firebase.auth.internal.RecaptchaActivity"
132-->[com.google.firebase:firebase-auth:20.0.4] AndroidManifest.xml:46:13-79
133            android:excludeFromRecents="true"
133-->[com.google.firebase:firebase-auth:20.0.4] AndroidManifest.xml:47:13-46
134            android:exported="true"
134-->[com.google.firebase:firebase-auth:20.0.4] AndroidManifest.xml:48:13-36
135            android:launchMode="singleTask"
135-->[com.google.firebase:firebase-auth:20.0.4] AndroidManifest.xml:49:13-44
136            android:theme="@android:style/Theme.Translucent.NoTitleBar" >
136-->[com.google.firebase:firebase-auth:20.0.4] AndroidManifest.xml:50:13-72
137            <intent-filter>
137-->[com.google.firebase:firebase-auth:20.0.4] AndroidManifest.xml:51:13-61:29
138                <action android:name="android.intent.action.VIEW" />
138-->[com.google.firebase:firebase-auth:20.0.4] AndroidManifest.xml:34:17-69
138-->[com.google.firebase:firebase-auth:20.0.4] AndroidManifest.xml:34:25-66
139
140                <category android:name="android.intent.category.DEFAULT" />
140-->[com.google.firebase:firebase-auth:20.0.4] AndroidManifest.xml:36:17-76
140-->[com.google.firebase:firebase-auth:20.0.4] AndroidManifest.xml:36:27-73
141                <category android:name="android.intent.category.BROWSABLE" />
141-->[com.google.firebase:firebase-auth:20.0.4] AndroidManifest.xml:37:17-78
141-->[com.google.firebase:firebase-auth:20.0.4] AndroidManifest.xml:37:27-75
142
143                <data
143-->[com.google.firebase:firebase-auth:20.0.4] AndroidManifest.xml:39:17-42:51
144                    android:host="firebase.auth"
144-->[com.google.firebase:firebase-auth:20.0.4] AndroidManifest.xml:40:21-49
145                    android:path="/"
145-->[com.google.firebase:firebase-auth:20.0.4] AndroidManifest.xml:41:21-37
146                    android:scheme="recaptcha" />
146-->[com.google.firebase:firebase-auth:20.0.4] AndroidManifest.xml:42:21-48
147            </intent-filter>
148        </activity>
149
150        <service
150-->[com.google.firebase:firebase-auth:20.0.4] AndroidManifest.xml:64:9-73:19
151            android:name="com.google.firebase.auth.api.fallback.service.FirebaseAuthFallbackService"
151-->[com.google.firebase:firebase-auth:20.0.4] AndroidManifest.xml:65:13-101
152            android:enabled="true"
152-->[com.google.firebase:firebase-auth:20.0.4] AndroidManifest.xml:66:13-35
153            android:exported="false" >
153-->[com.google.firebase:firebase-auth:20.0.4] AndroidManifest.xml:67:13-37
154            <intent-filter>
154-->[com.google.firebase:firebase-auth:20.0.4] AndroidManifest.xml:68:13-72:29
155                <action android:name="com.google.firebase.auth.api.gms.service.START" />
155-->[com.google.firebase:firebase-auth:20.0.4] AndroidManifest.xml:69:17-89
155-->[com.google.firebase:firebase-auth:20.0.4] AndroidManifest.xml:69:25-86
156
157                <category android:name="android.intent.category.DEFAULT" />
157-->[com.google.firebase:firebase-auth:20.0.4] AndroidManifest.xml:36:17-76
157-->[com.google.firebase:firebase-auth:20.0.4] AndroidManifest.xml:36:27-73
158            </intent-filter>
159        </service>
160
161        <activity
161-->[com.google.android.gms:play-services-auth:19.0.0] AndroidManifest.xml:23:9-27:75
162            android:name="com.google.android.gms.auth.api.signin.internal.SignInHubActivity"
162-->[com.google.android.gms:play-services-auth:19.0.0] AndroidManifest.xml:24:13-93
163            android:excludeFromRecents="true"
163-->[com.google.android.gms:play-services-auth:19.0.0] AndroidManifest.xml:25:13-46
164            android:exported="false"
164-->[com.google.android.gms:play-services-auth:19.0.0] AndroidManifest.xml:26:13-37
165            android:theme="@android:style/Theme.Translucent.NoTitleBar" />
165-->[com.google.android.gms:play-services-auth:19.0.0] AndroidManifest.xml:27:13-72
166        <!--
167            Service handling Google Sign-In user revocation. For apps that do not integrate with
168            Google Sign-In, this service will never be started.
169        -->
170        <service
170-->[com.google.android.gms:play-services-auth:19.0.0] AndroidManifest.xml:33:9-37:51
171            android:name="com.google.android.gms.auth.api.signin.RevocationBoundService"
171-->[com.google.android.gms:play-services-auth:19.0.0] AndroidManifest.xml:34:13-89
172            android:exported="true"
172-->[com.google.android.gms:play-services-auth:19.0.0] AndroidManifest.xml:35:13-36
173            android:permission="com.google.android.gms.auth.api.signin.permission.REVOCATION_NOTIFICATION"
173-->[com.google.android.gms:play-services-auth:19.0.0] AndroidManifest.xml:36:13-107
174            android:visibleToInstantApps="true" />
174-->[com.google.android.gms:play-services-auth:19.0.0] AndroidManifest.xml:37:13-48
175
176        <activity
176-->[com.google.android.gms:play-services-base:17.5.0] AndroidManifest.xml:23:9-26:75
177            android:name="com.google.android.gms.common.api.GoogleApiActivity"
177-->[com.google.android.gms:play-services-base:17.5.0] AndroidManifest.xml:24:13-79
178            android:exported="false"
178-->[com.google.android.gms:play-services-base:17.5.0] AndroidManifest.xml:25:13-37
179            android:theme="@android:style/Theme.Translucent.NoTitleBar" />
179-->[com.google.android.gms:play-services-base:17.5.0] AndroidManifest.xml:26:13-72
180
181        <provider
181-->[com.google.firebase:firebase-common:19.5.0] AndroidManifest.xml:26:9-31:39
182            android:name="com.google.firebase.provider.FirebaseInitProvider"
182-->[com.google.firebase:firebase-common:19.5.0] AndroidManifest.xml:27:13-77
183            android:authorities="com.gmagica.trackingapp.firebaseinitprovider"
183-->[com.google.firebase:firebase-common:19.5.0] AndroidManifest.xml:28:13-72
184            android:directBootAware="true"
184-->[com.google.firebase:firebase-common:19.5.0] AndroidManifest.xml:29:13-43
185            android:exported="false"
185-->[com.google.firebase:firebase-common:19.5.0] AndroidManifest.xml:30:13-37
186            android:initOrder="100" />
186-->[com.google.firebase:firebase-common:19.5.0] AndroidManifest.xml:31:13-36
187
188        <receiver
188-->[com.google.android.gms:play-services-measurement:18.0.3] AndroidManifest.xml:29:9-33:20
189            android:name="com.google.android.gms.measurement.AppMeasurementReceiver"
189-->[com.google.android.gms:play-services-measurement:18.0.3] AndroidManifest.xml:30:13-85
190            android:enabled="true"
190-->[com.google.android.gms:play-services-measurement:18.0.3] AndroidManifest.xml:31:13-35
191            android:exported="false" >
191-->[com.google.android.gms:play-services-measurement:18.0.3] AndroidManifest.xml:32:13-37
192        </receiver>
193
194        <service
194-->[com.google.android.gms:play-services-measurement:18.0.3] AndroidManifest.xml:35:9-38:40
195            android:name="com.google.android.gms.measurement.AppMeasurementService"
195-->[com.google.android.gms:play-services-measurement:18.0.3] AndroidManifest.xml:36:13-84
196            android:enabled="true"
196-->[com.google.android.gms:play-services-measurement:18.0.3] AndroidManifest.xml:37:13-35
197            android:exported="false" />
197-->[com.google.android.gms:play-services-measurement:18.0.3] AndroidManifest.xml:38:13-37
198        <service
198-->[com.google.android.gms:play-services-measurement:18.0.3] AndroidManifest.xml:39:9-43:72
199            android:name="com.google.android.gms.measurement.AppMeasurementJobService"
199-->[com.google.android.gms:play-services-measurement:18.0.3] AndroidManifest.xml:40:13-87
200            android:enabled="true"
200-->[com.google.android.gms:play-services-measurement:18.0.3] AndroidManifest.xml:41:13-35
201            android:exported="false"
201-->[com.google.android.gms:play-services-measurement:18.0.3] AndroidManifest.xml:42:13-37
202            android:permission="android.permission.BIND_JOB_SERVICE" />
202-->[com.google.android.gms:play-services-measurement:18.0.3] AndroidManifest.xml:43:13-69
203
204        <meta-data
204-->[com.google.android.gms:play-services-basement:17.5.0] AndroidManifest.xml:23:9-25:69
205            android:name="com.google.android.gms.version"
205-->[com.google.android.gms:play-services-basement:17.5.0] AndroidManifest.xml:24:13-58
206            android:value="@integer/google_play_services_version" />
206-->[com.google.android.gms:play-services-basement:17.5.0] AndroidManifest.xml:25:13-66
207
208        <service
208-->[com.google.android.datatransport:transport-backend-cct:2.3.0] AndroidManifest.xml:29:9-35:19
209            android:name="com.google.android.datatransport.runtime.backends.TransportBackendDiscovery"
209-->[com.google.android.datatransport:transport-backend-cct:2.3.0] AndroidManifest.xml:30:13-103
210            android:exported="false" >
210-->[com.google.android.datatransport:transport-backend-cct:2.3.0] AndroidManifest.xml:31:13-37
211            <meta-data
211-->[com.google.android.datatransport:transport-backend-cct:2.3.0] AndroidManifest.xml:32:13-34:39
212                android:name="backend:com.google.android.datatransport.cct.CctBackendFactory"
212-->[com.google.android.datatransport:transport-backend-cct:2.3.0] AndroidManifest.xml:33:17-94
213                android:value="cct" />
213-->[com.google.android.datatransport:transport-backend-cct:2.3.0] AndroidManifest.xml:34:17-36
214        </service>
215        <service
215-->[com.google.android.datatransport:transport-runtime:2.2.3] AndroidManifest.xml:26:9-30:19
216            android:name="com.google.android.datatransport.runtime.scheduling.jobscheduling.JobInfoSchedulerService"
216-->[com.google.android.datatransport:transport-runtime:2.2.3] AndroidManifest.xml:27:13-117
217            android:exported="false"
217-->[com.google.android.datatransport:transport-runtime:2.2.3] AndroidManifest.xml:28:13-37
218            android:permission="android.permission.BIND_JOB_SERVICE" >
218-->[com.google.android.datatransport:transport-runtime:2.2.3] AndroidManifest.xml:29:13-69
219        </service>
220
221        <receiver
221-->[com.google.android.datatransport:transport-runtime:2.2.3] AndroidManifest.xml:32:9-34:40
222            android:name="com.google.android.datatransport.runtime.scheduling.jobscheduling.AlarmManagerSchedulerBroadcastReceiver"
222-->[com.google.android.datatransport:transport-runtime:2.2.3] AndroidManifest.xml:33:13-132
223            android:exported="false" />
223-->[com.google.android.datatransport:transport-runtime:2.2.3] AndroidManifest.xml:34:13-37
224
225        <provider
225-->[androidx.lifecycle:lifecycle-process:2.1.0] AndroidManifest.xml:23:9-27:43
226            android:name="androidx.lifecycle.ProcessLifecycleOwnerInitializer"
226-->[androidx.lifecycle:lifecycle-process:2.1.0] AndroidManifest.xml:24:13-79
227            android:authorities="com.gmagica.trackingapp.lifecycle-process"
227-->[androidx.lifecycle:lifecycle-process:2.1.0] AndroidManifest.xml:25:13-69
228            android:exported="false"
228-->[androidx.lifecycle:lifecycle-process:2.1.0] AndroidManifest.xml:26:13-37
229            android:multiprocess="true" />
229-->[androidx.lifecycle:lifecycle-process:2.1.0] AndroidManifest.xml:27:13-40
230    </application>
231
232</manifest>